<?xml version="1.0" encoding="UTF-8"?>
<testsuite name="com.example.instantsystemtest.business.datasources.mappers.NewsRemoteMapperTest" tests="1" skipped="0" failures="0" errors="0" timestamp="2023-05-14T20:41:57" hostname="FRL-C02FN1X8MD6P" time="0.001">
  <properties/>
  <testcase name="from News API to News" classname="com.example.instantsystemtest.business.datasources.mappers.NewsRemoteMapperTest" time="0.001"/>
  <system-out><![CDATA[]]></system-out>
  <system-err><![CDATA[]]></system-err>
</testsuite>
