<?xml version="1.0" encoding="UTF-8"?>
<testsuite name="com.example.instantsystemtest.business.datasources.NewsDataSourceTest" tests="1" skipped="0" failures="0" errors="0" timestamp="2023-05-14T20:41:56" hostname="FRL-C02FN1X8MD6P" time="1.183">
  <properties/>
  <testcase name="When get news, result are mapped and returned" classname="com.example.instantsystemtest.business.datasources.NewsDataSourceTest" time="1.183"/>
  <system-out><![CDATA[]]></system-out>
  <system-err><![CDATA[]]></system-err>
</testsuite>
